<?xml version="1.0" encoding="UTF-8"?>
<!-- Generated by org.testng.reporters.JUnitReportReporter -->
<testsuite skipped="0" hostname="Adityas-MacBook-Pro.local" name="qaclickacademy.AppiumTest" tests="2" failures="0" timestamp="11 Jun 2019 21:20:33 GMT" time="0.008" errors="0">
  <testcase name="IOSapps" time="0.007" classname="qaclickacademy.AppiumTest"/>
  <testcase name="NavtiveAPpAndriod" time="0.001" classname="qaclickacademy.AppiumTest"/>
</testsuite> <!-- qaclickacademy.AppiumTest -->
